[02:26:45] 🔌 Connected to COM3
[02:26:46] 📥  T:212.06 /215.00 B:59.88 /60.00 @:0 B@:36 W:?
[02:26:46] 📥  T:212.70 /215.00 B:59.92 /60.00 @:0 B@:20 W:?
[02:26:46] 📥  T:212.89 /215.00 B:59.89 /60.00 @:0 B@:28 W:?
[02:26:47] 📥  T:212.59 /215.00 B:59.86 /60.00 @:0 B@:35 W:?
[02:26:48] 📥  T:212.12 /215.00 B:59.83 /60.00 @:16 B@:40 W:?
[02:26:49] 📥  T:211.43 /215.00 B:59.86 /60.00 @:33 B@:30 W:?
[02:26:50] 📥  T:210.74 /215.00 B:59.84 /60.00 @:47 B@:34 W:?
[02:26:51] 📥  T:209.78 /215.00 B:59.82 /60.00 @:64 B@:39 W:?
[02:26:52] 📥  T:209.21 /215.00 B:59.81 /60.00 @:73 B@:40 W:?
[02:26:53] 📥  T:208.68 /215.00 B:59.83 /60.00 @:81 B@:33 W:?
[02:26:54] 📥  T:208.45 /215.00 B:59.83 /60.00 @:85 B@:32 W:?
[02:26:55] 📥  T:208.45 /215.00 B:59.84 /60.00 @:85 B@:27 W:?
[02:26:56] 📥  T:208.71 /215.00 B:59.81 /60.00 @:81 B@:35 W:?
[02:26:57] 📥  T:209.04 /215.00 B:59.82 /60.00 @:78 B@:31 W:?
[02:26:58] 📥  T:209.64 /215.00 B:59.74 /60.00 @:71 B@:55 W:?
[02:26:59] 📥  T:210.40 /215.00 B:59.84 /60.00 @:64 B@:21 W:?
[02:27:00] 📥  T:211.09 /215.00 B:59.75 /60.00 @:57 B@:47 W:?
[02:27:01] 📥  T:211.89 /215.00 B:59.72 /60.00 @:50 B@:55 W:?
[02:27:02] 📥  T:212.49 /215.00 B:59.78 /60.00 @:46 B@:34 W:?
[02:27:03] 📥  T:213.07 /215.00 B:59.80 /60.00 @:43 B@:27 W:?
[02:27:04] 📥  T:213.50 /215.00 B:59.84 /60.00 @:42 B@:14 W:?
[02:27:05] 📥  T:213.79 /215.00 B:59.78 /60.00 @:42 B@:33 W:?
[02:27:06] 📥  T:213.95 /215.00 B:59.80 /60.00 @:44 B@:29 W:?
[02:27:07] 📥  T:214.05 /215.00 B:59.78 /60.00 @:46 B@:34 W:4
[02:27:08] 📥  T:214.06 /215.00 B:59.78 /60.00 @:48 B@:36 W:3
[02:27:09] 📥  T:214.15 /215.00 B:59.79 /60.00 @:49 B@:30 W:2
[02:27:10] 📥  T:214.04 /215.00 B:59.76 /60.00 @:53 B@:40 W:1
[02:27:11] 📥  T:214.08 /215.00 B:59.71 /60.00 @:54 B@:54 W:0
[02:27:29] 📥 X:40.00 Y:206.65 Z:0.97 E:103.37 Count X:3200 Y:16532 Z:411
[02:27:29] 📥 X:40.00 Y:206.65 Z:0.28 E:0.00 Count X:3200 Y:16532 Z:411
[02:27:35] 📥 X:60.00 Y:3.00 Z:0.28 E:0.00 Count X:3200 Y:3507 Z:106
[02:27:35] 📥 X:70.00 Y:3.00 Z:0.28 E:0.00 Count X:3200 Y:1878 Z:95
[02:27:36] 📥 X:70.00 Y:3.00 Z:0.28 E:0.00 Count X:3200 Y:1064 Z:89
[02:27:38] 🔔 Режим: Звук + Остановка принтера
[02:28:06] 📥 X:75.37 Y:94.59 Z:0.28 E:0.00 Count X:5991 Y:10031 Z:148
[02:29:32] 🔌 Connected to COM3
[02:29:33] 📥 X:77.02 Y:123.04 Z:0.28 E:0.00 Count X:6141 Y:9484 Z:150
[02:29:40] 📥 X:142.46 Y:96.77 Z:0.48 E:0.00 Count X:6454 Y:7681 Z:223
[02:30:03] 📥 X:141.35 Y:96.40 Z:0.48 E:0.00 Count X:11300 Y:7825 Z:247
[02:30:09] 📥 X:139.83 Y:96.38 Z:0.88 E:0.00 Count X:11241 Y:7731 Z:406
[02:30:15] 📥 X:83.88 Y:123.65 Z:0.88 E:0.00 Count X:8359 Y:8361 Z:393
[02:30:21] 📥 X:140.12 Y:96.77 Z:1.08 E:0.00 Count X:6085 Y:7684 Z:461
[02:30:22] 📥 X:139.03 Y:122.22 Z:1.08 E:0.00 Count X:11115 Y:9864 Z:488
[02:30:28] 📥 X:83.88 Y:96.35 Z:1.08 E:0.00 Count X:8358 Y:9240 Z:477
[02:30:35] 📥 X:138.28 Y:96.38 Z:1.28 E:0.00 Count X:11116 Y:7731 Z:566
[02:30:40] 📥 X:83.88 Y:123.65 Z:1.28 E:0.00 Count X:8359 Y:8361 Z:553
[02:30:46] 📥 X:138.57 Y:96.77 Z:1.48 E:0.00 Count X:6081 Y:7689 Z:621
[02:30:48] 📥 X:137.48 Y:122.22 Z:1.48 E:0.00 Count X:10991 Y:9864 Z:647
[02:30:53] 📥 X:83.88 Y:96.35 Z:1.48 E:0.00 Count X:8358 Y:9240 Z:637
[02:31:00] 📥 X:137.09 Y:122.47 Z:1.68 E:0.00 Count X:10935 Y:9882 Z:727
[02:31:05] 📥 X:83.88 Y:96.35 Z:1.68 E:0.00 Count X:8255 Y:9343 Z:716
[02:31:11] 📥 X:137.01 Y:96.77 Z:1.88 E:0.00 Count X:6081 Y:7689 Z:781
[02:31:14] 📥 X:135.42 Y:113.36 Z:1.88 E:0.00 Count X:8632 Y:8049 Z:793
[02:31:15] 📥 X:136.28 Y:97.64 Z:1.88 E:0.00 Count X:10928 Y:9886 Z:807
[02:31:18] 📥 X:83.88 Y:123.65 Z:1.88 E:0.00 Count X:8359 Y:8361 Z:793
[02:31:25] 📥 X:135.82 Y:97.88 Z:2.08 E:0.00 Count X:10874 Y:7746 Z:884
[02:31:27] 📥 X:124.61 Y:123.65 Z:2.08 E:0.00 Count X:8632 Y:8049 Z:873
[02:31:30] 📥 X:83.88 Y:96.35 Z:2.08 E:0.00 Count X:8358 Y:9240 Z:877
[02:31:41] 📥 X:134.32 Y:123.59 Z:2.28 E:0.00 Count X:10722 Y:9609 Z:967
[02:31:43] 📥 X:124.61 Y:96.35 Z:2.28 E:0.00 Count X:8634 Y:9553 Z:957
[02:31:46] 📥 X:83.88 Y:123.65 Z:2.28 E:0.00 Count X:8359 Y:8361 Z:953
[02:31:54] 📥 X:134.32 Y:97.41 Z:2.48 E:0.00 Count X:10751 Y:7707 Z:1043
[02:31:56] 📥 X:124.61 Y:123.65 Z:2.48 E:0.00 Count X:8632 Y:8049 Z:1033
[02:31:59] 📥 X:83.88 Y:96.35 Z:2.48 E:0.00 Count X:8358 Y:9240 Z:1037
[02:32:01] 📥 X:136.96 Y:123.84 Z:2.68 E:0.00 Count X:10919 Y:9530 Z:1128
[02:32:06] 📥 X:133.20 Y:123.93 Z:2.68 E:0.00 Count X:7728 Y:7681 Z:1108
[02:32:09] 📥 X:124.61 Y:96.35 Z:2.68 E:0.00 Count X:8965 Y:9886 Z:1116
[02:32:09] 📥 X:132.18 Y:123.62 Z:2.68 E:0.00 Count X:10658 Y:7710 Z:1123
[02:32:10] 📥 X:127.73 Y:96.38 Z:2.68 E:0.00 Count X:10659 Y:9885 Z:1125
[02:32:13] 📥 X:83.88 Y:123.65 Z:2.68 E:0.00 Count X:8359 Y:8361 Z:1113
[02:32:14] 📥 X:136.68 Y:95.76 Z:2.88 E:0.00 Count X:8790 Y:9945 Z:1196
[02:32:20] 📥 X:132.96 Y:123.93 Z:2.88 E:0.00 Count X:7721 Y:7681 Z:1188
[02:32:29] 📥 X:133.24 Y:96.71 Z:2.88 E:0.00 Count X:10350 Y:7715 Z:1200
[02:32:34] 📥 X:83.88 Y:123.65 Z:2.88 E:0.00 Count X:8359 Y:8361 Z:1193
[02:32:44] 📥 X:131.21 Y:123.59 Z:3.08 E:0.00 Count X:10473 Y:9606 Z:1285
[02:32:46] 📥 X:125.92 Y:96.35 Z:3.08 E:0.00 Count X:8008 Y:8927 Z:1274
[02:32:49] 📥 X:83.88 Y:123.65 Z:3.08 E:0.00 Count X:8218 Y:8220 Z:1272
[02:32:51] 📥 X:134.04 Y:96.36 Z:3.28 E:0.00 Count X:10735 Y:7648 Z:1363
[02:32:57] 📥 X:130.87 Y:123.93 Z:3.28 E:0.00 Count X:7660 Y:7681 Z:1348
[02:32:59] 📥 X:125.92 Y:96.35 Z:3.28 E:0.00 Count X:8008 Y:8927 Z:1354
[02:33:00] 📥 X:131.24 Y:97.38 Z:3.28 E:0.00 Count X:10499 Y:7711 Z:1362
[02:33:02] 📥 X:83.88 Y:123.65 Z:3.28 E:0.00 Count X:8359 Y:8361 Z:1353
[02:33:04] 📥 X:133.96 Y:123.84 Z:3.48 E:0.00 Count X:10683 Y:9530 Z:1447
[02:33:10] 📥 X:130.09 Y:123.93 Z:3.48 E:0.00 Count X:7358 Y:7681 Z:1427
[02:33:11] 📥 X:130.12 Y:96.90 Z:3.48 E:0.00 Count X:10371 Y:8109 Z:1442
[02:33:15] 📥 X:83.88 Y:123.65 Z:3.48 E:0.00 Count X:8322 Y:8324 Z:1433
[02:33:16] 📥 X:133.64 Y:95.76 Z:3.68 E:0.00 C
[02:33:16] 📥 ount X:8448 Y:9939 Z:1515
[02:33:22] 📥 X:129.98 Y:123.93 Z:3.68 E:0.00 Count X:7357 Y:7681 Z:1507
[02:33:23] 📥 X:129.44 Y:121.93 Z:3.68 E:0.00 Count X:10317 Y:9845 Z:1523
[02:33:28] 📥 X:83.88 Y:96.35 Z:3.68 E:0.00 Count X:8358 Y:9240 Z:1517
[02:33:38] 📥 X:127.85 Y:123.30 Z:3.88 E:0.00 Count X:10425 Y:9802 Z:1604
[02:33:42] 📥 X:83.88 Y:96.35 Z:3.88 E:0.00 Count X:8358 Y:9240 Z:1597
[02:33:44] ⚠️ DEFECT: extrusion_error_print (83.1%) 🔊
[02:33:44] ⚠️ DEFECT: extrusion_error_print (83.1%) 🛑 M25 Sent
[02:33:46] ⚠️ DEFECT: extrusion_error_print (82.1%) 🔊
[02:33:46] ⚠️ DEFECT: extrusion_error_print (82.1%) 🛑 M25 Sent
[02:33:50] 📥 X:4.20 Y:220.00 Z:20.00 E:-5.51 Count X:336 Y:17600 Z:8037
[02:33:50] 📥 ok
[02:33:52] 📥 X:131.06 Y:96.36 Z:20.00 E:0.00 Count X:6407 Y:11684 Z:8032
[02:33:52] 📥 ok
[02:34:03] ⚠️ DEFECT: extrusion_error_print (89.2%) 🔊
[02:34:03] ⚠️ DEFECT: extrusion_error_print (89.2%) 🛑 M25 Sent
[02:34:03] 📥 ok
[02:34:06] ⚠️ DEFECT: extrusion_error_print (89.5%) 🔊
[02:34:06] ⚠️ DEFECT: extrusion_error_print (89.5%) 🛑 M25 Sent
[02:34:06] 📥 ok
